<?xml version="1.0" encoding="UTF-8"?>
<testsuite xmlns:xsi="http://www.w3.org/2001/XMLSchema-instance" xsi:noNamespaceSchemaLocation="https://maven.apache.org/surefire/maven-surefire-plugin/xsd/surefire-test-report.xsd" version="3.0.2" name="org.weasis.core.ui.model.imp.suite.SerializationTest" time="0.157" tests="5" errors="0" skipped="0" failures="0">
  <properties>
[...]
</properties>
  <testcase name="test_with_multiple_graphics_and_one_layer" classname="org.weasis.core.ui.model.imp.suite.SerializationTest" time="0.052"/>
  <testcase name="test_add_one_point_graphic" classname="org.weasis.core.ui.model.imp.suite.SerializationTest" time="0.01"/>
  <testcase name="test_with_image_element" classname="org.weasis.core.ui.model.imp.suite.SerializationTest" time="0.011"/>
  <testcase name="test_with_multiple_graphics_and_multiple_layers" classname="org.weasis.core.ui.model.imp.suite.SerializationTest" time="0.069">
    <system-out><![CDATA[<?xml version="1.0" encoding="UTF-8" standalone="yes"?>
<presentation uuid="uuid.1.5fd50a06-82c3-4290-81a1-c52b2404cd66">
    <references>
        <series uuid="uuid.3.fb1c4942-b851-440d-9885-fb80e71f58bc">
            <image frames="" uuid="uuid.2.de945ce0-cc40-42a8-b66b-7b9e64bebd93"/>
        </series>
    </references>
    <layers>
        <layer level="40" locked="false" selectable="true" type="DRAW" visible="true" uuid="18e2b7f4-7355-4800-9b4a-b557306e1f76"/>
        <layer level="31" locked="false" selectable="true" type="ANNOTATION" visible="true" uuid="0d4612c3-4022-48f3-9d79-01c5af57d8b2"/>
        <layer level="50" locked="false" selectable="true" type="MEASURE" visible="true" uuid="fc9904fe-a423-4068-8a65-e529d0994c7d"/>
    </layers>
    <graphics>
        <point pointSize="1" fillOpacity="1.0" fill="false" showLabel="true" thickness="3.0" uuid="550f44d1-0489-496a-8268-a1f50b8f5c5b">
            <paint rgb="ffff0000"/>
            <layer>18e2b7f4-7355-4800-9b4a-b557306e1f76</layer>
            <pts>
                <pt x="1665.5" y="987.0"/>
            </pts>
        </point>
        <pixelInfo labelHeight="13.125" labelWidth="112.53125" fillOpacity="1.0" fill="false" showLabel="true" thickness="2.0" uuid="3cdd3639-abc2-449c-a9cc-f199c7fdd5b7">
            <paint rgb="ffffafaf"/>
            <layer>0d4612c3-4022-48f3-9d79-01c5af57d8b2</layer>
            <pts>
                <pt x="1665.5" y="987.0"/>
                <pt x="1601.5" y="1037.0"/>
            </pts>
            <labelBounds x="1539.234375" y="1024.4375" width="124.53125" height="25.125"/>
            <labels>
                <label> R=144 G=116 B=101</label>
            </labels>
        </pixelInfo>
        <annotation labelHeight="13.125" labelWidth="93.140625" fillOpacity="1.0" fill="false" showLabel="true" thickness="8.0" uuid="851f33c2-37be-4a50-bfb8-ffbec712d793">
            <paint rgb="ff808080"/>
            <layer>18e2b7f4-7355-4800-9b4a-b557306e1f76</layer>
            <pts>
                <pt x="1281.5" y="856.0"/>
                <pt x="1347.5" y="1068.0"/>
            </pts>
            <labelBounds x="1294.9296875" y="1042.3125" width="105.140625" height="51.375"/>
            <labels>
                <label>Lorem ipsum</label>
                <label>Test 2</label>
                <label>weasis blablabla</label>
            </labels>
        </annotation>
        <line fillOpacity="1.0" fill="false" showLabel="true" thickness="1.0" uuid="b19f060c-dfe0-4c41-95c4-785982633475">
            <paint rgb="ff000000"/>
            <layer>fc9904fe-a423-4068-8a65-e529d0994c7d</layer>
            <pts>
                <pt x="1028.5" y="1110.0"/>
                <pt x="1231.5" y="1285.0"/>
            </pts>
        </line>
        <parallelLine fillOpacity="1.0" fill="false" showLabel="true" thickness="2.0" uuid="11bd0862-10fe-41e5-a497-e139b9d209be">
            <paint rgb="ff00ffff"/>
            <layer>18e2b7f4-7355-4800-9b4a-b557306e1f76</layer>
            <pts>
                <pt x="1861.5" y="1567.0"/>
                <pt x="1672.5" y="1358.0"/>
                <pt x="1874.3815487619577" y="1489.6972788255084"/>
                <pt x="1698.33622905672" y="1295.0228247599282"/>
                <pt x="1767.0" y="1462.5"/>
                <pt x="1786.358888909339" y="1392.3600517927184"/>
            </pts>
        </parallelLine>
        <polyline fillOpacity="1.0" fill="false" showLabel="true" thickness="1.0" uuid="00360f88-7b9a-457e-adcb-f9fd152b775a">
            <paint rgb="ffffff00"/>
            <layer>18e2b7f4-7355-4800-9b4a-b557306e1f76</layer>
            <pts>
                <pt x="935.5" y="902.0"/>
                <pt x="1042.5" y="863.0"/>
                <pt x="1188.5" y="902.0"/>
                <pt x="1242.5" y="997.0"/>
                <pt x="1409.5" y="950.0"/>
                <pt x="1453.5" y="1059.0"/>
                <pt x="1288.5" y="1105.0"/>
                <pt x="1391.5" y="1224.0"/>
                <pt x="1641.5" y="1250.0"/>
                <pt x="1600.5" y="1365.0"/>
                <pt x="1413.5" y="1376.0"/>
                <pt x="1260.5" y="1356.0"/>
                <pt x="1262.5" y="1355.0"/>
            </pts>
        </polyline>
        <polygon fillOpacity="1.0" fill="true" showLabel="true" thickness="2.0" uuid="d0c2a30e-fd71-4fbd-a41c-f30b2c76d53f">
            <paint rgb="ffffff00"/>
            <layer>18e2b7f4-7355-4800-9b4a-b557306e1f76</layer>
            <pts>
                <pt x="1132.5" y="1100.0"/>
                <pt x="1300.5" y="1033.0"/>
                <pt x="1345.5" y="1089.0"/>
                <pt x="1329.5" y="1296.0"/>
                <pt x="1034.5" y="1292.0"/>
                <pt x="1249.5" y="1469.0"/>
            </pts>
        </polygon>
        <rectangle fillOpacity="1.0" fill="true" showLabel="true" thickness="1.0" uuid="424e3fae-4f34-4499-93aa-2ee777fff17f">
            <paint rgb="ffffff00"/>
            <layer>fc9904fe-a423-4068-8a65-e529d0994c7d</layer>
            <pts>
                <pt x="252.13800313643495" y="91.52639832723474"/>
                <pt x="311.46889702038686" y="71.13957135389444"/>
                <pt x="281.8034500784109" y="81.33298484056459"/>
                <pt x="294.2900410111563" y="117.67216614483638"/>
            </pts>
        </rectangle>
        <angle fillOpacity="1.0" fill="false" showLabel="true" thickness="1.0" uuid="ceb4907c-bc4b-497d-99a5-2c564835d9af">
            <paint rgb="ffffff00"/>
            <layer>18e2b7f4-7355-4800-9b4a-b557306e1f76</layer>
            <pts>
                <pt x="1345.5" y="815.0"/>
                <pt x="1313.5" y="954.0"/>
                <pt x="1423.5" y="924.0"/>
            </pts>
        </angle>
        <cobbAngle fillOpacity="1.0" fill="false" showLabel="true" thickness="1.0" uuid="b6d9dc2d-3fbf-4c47-9970-81ce925f35c2">
            <paint rgb="ffffff00"/>
            <layer>18e2b7f4-7355-4800-9b4a-b557306e1f76</layer>
            <pts>
                <pt x="1770.5" y="1435.0"/>
                <pt x="1765.5" y="1445.0"/>
                <pt x="1611.5" y="1590.0"/>
                <pt x="1575.5" y="1589.0"/>
                <pt x="1637.1255967238944" y="1500.8183122461598"/>
            </pts>
        </cobbAngle>
    </graphics>
</presentation>
]]></system-out>
  </testcase>
  <testcase name="test_empty_model" classname="org.weasis.core.ui.model.imp.suite.SerializationTest" time="0.01"/>
</testsuite>