<?xml version="1.0" encoding="UTF-8"?>
<testsuite xmlns:xsi="http://www.w3.org/2001/XMLSchema-instance" xsi:noNamespaceSchemaLocation="https://maven.apache.org/surefire/maven-surefire-plugin/xsd/surefire-test-report.xsd" version="3.0.2" name="org.weasis.core.ui.model.imp.suite.DeserializationTest" time="0.508" tests="5" errors="0" skipped="0" failures="0">
  <properties>
[...]
</properties>
  <testcase name="test_basic_presentation" classname="org.weasis.core.ui.model.imp.suite.DeserializationTest" time="0.079"/>
  <testcase name="test_empty_xml" classname="org.weasis.core.ui.model.imp.suite.DeserializationTest" time="0.05"/>
  <testcase name="test_presentation_with_one_graphic" classname="org.weasis.core.ui.model.imp.suite.DeserializationTest" time="0.022"/>
  <testcase name="test_basic_presentation_with_image_reference" classname="org.weasis.core.ui.model.imp.suite.DeserializationTest" time="0.277"/>
  <testcase name="test_empty_presentation" classname="org.weasis.core.ui.model.imp.suite.DeserializationTest" time="0.046"/>
</testsuite>